<?xml version="1.0" encoding="UTF-8"?>
<!-- Generated by org.testng.reporters.JUnitReportReporter -->
<testsuite skipped="0" hostname="Acer" name="com.test.ParameterByMethodInDataprovider" tests="6" failures="0" timestamp="17 Aug 2018 21:58:07 GMT" time="11.988" errors="0">
  <testcase name="testMethodA" time="0.469" classname="com.test.ParameterByMethodInDataprovider"/>
  <testcase name="testMethodA" time="1.083" classname="com.test.ParameterByMethodInDataprovider"/>
  <testcase name="testMethodA" time="0.388" classname="com.test.ParameterByMethodInDataprovider"/>
  <testcase name="testMethodB" time="3.378" classname="com.test.ParameterByMethodInDataprovider"/>
  <testcase name="testMethodB" time="3.294" classname="com.test.ParameterByMethodInDataprovider"/>
  <testcase name="testMethodB" time="3.376" classname="com.test.ParameterByMethodInDataprovider"/>
</testsuite> <!-- com.test.ParameterByMethodInDataprovider -->
