<?xml version="1.0" encoding="UTF-8"?>
<!-- Generated by org.testng.reporters.JUnitReportReporter -->
<testsuite skipped="0" hostname="Acer" name="com.test.ParameterByDataprovider" tests="3" failures="0" timestamp="15 Aug 2018 07:30:17 GMT" time="10.831" errors="0">
  <testcase name="testMEthod" time="3.302" classname="com.test.ParameterByDataprovider"/>
  <testcase name="testMEthod" time="3.192" classname="com.test.ParameterByDataprovider"/>
  <testcase name="testMEthod" time="4.337" classname="com.test.ParameterByDataprovider"/>
</testsuite> <!-- com.test.ParameterByDataprovider -->
