<?xml version="1.0" encoding="UTF-8"?>
<!-- Generated by org.testng.reporters.JUnitReportReporter -->
<testsuite skipped="0" hostname="Acer" name="com.test.ParameterWithTestNG1" tests="1" failures="0" timestamp="04 Aug 2018 06:56:48 GMT" time="13.866" errors="0">
  <testcase name="f" time="13.866" classname="com.test.ParameterWithTestNG1"/>
</testsuite> <!-- com.test.ParameterWithTestNG1 -->
